<?xml version="1.0" encoding="UTF-8"?>
<!-- Generated by org.testng.reporters.JUnitReportReporter -->
<testsuite skipped="0" hostname="DESKTOP-QKM15HI" name="SampleTestNg.parellelTesting" tests="2" failures="0" timestamp="16 Dec 2020 12:41:23 GMT" time="40.940" errors="1">
  <testcase name="openGoogle" time="16.834" classname="SampleTestNg.parellelTesting"/>
  <testcase name="openBing" time="24.106" classname="SampleTestNg.parellelTesting">
    <error type="org.openqa.selenium.SessionNotCreatedException" message="session not created
from chrome not reachable
  (Session info: chrome=87.0.4280.88)
Build info: version: &#039;3.141.59&#039;, revision: &#039;e82be7d358&#039;, time: &#039;2018-11-14T08:25:53&#039;
System info: host: &#039;DESKTOP-QKM15HI&#039;, ip: &#039;192.168.43.154&#039;, os.name: &#039;Windows 10&#039;, os.arch: &#039;x86&#039;, os.version: &#039;10.0&#039;, java.version: &#039;1.8.0_211&#039;
Driver info: driver.version: ChromeDriver
remote stacktrace: Backtrace:
	Ordinal0 [0x0063C0C3+3326147]
	Ordinal0 [0x00520851+2164817]
	Ordinal0 [0x003A7140+618816]
	Ordinal0 [0x0039D404+578564]
	Ordinal0 [0x0039DACB+580299]
	Ordinal0 [0x0039ED35+585013]
	Ordinal0 [0x00399D61+564577]
	Ordinal0 [0x003A82C0+623296]
	Ordinal0 [0x00346BDD+224221]
	Ordinal0 [0x00345CAC+220332]
	Ordinal0 [0x0034189B+202907]
	Ordinal0 [0x00323DF4+81396]
	Ordinal0 [0x00324DEE+85486]
	Ordinal0 [0x00324D79+85369]
	Ordinal0 [0x005385DC+2262492]
	GetHandleVerifier [0x007C2874+1487204]
	GetHandleVerifier [0x007C23CD+1486013]
	GetHandleVerifier [0x007CA368+1518680]
	GetHandleVerifier [0x007C2F4E+1488958]
	Ordinal0 [0x0052ED0D+2223373]
	Ordinal0 [0x0053A12B+2269483]
	Ordinal0 [0x0053A26F+2269807]
	Ordinal0 [0x0054ECB8+2354360]
	BaseThreadInitThunk [0x77046359+25]
	RtlGetAppContainerNamedObjectPath [0x77827B74+228]
	RtlGetAppContainerNamedObjectPath [0x77827B44+180]
">
      <![CDATA[org.openqa.selenium.SessionNotCreatedException: session not created
from chrome not reachable
  (Session info: chrome=87.0.4280.88)
Build info: version: '3.141.59', revision: 'e82be7d358', time: '2018-11-14T08:25:53'
System info: host: 'DESKTOP-QKM15HI', ip: '192.168.43.154', os.name: 'Windows 10', os.arch: 'x86', os.version: '10.0', java.version: '1.8.0_211'
Driver info: driver.version: ChromeDriver
remote stacktrace: Backtrace:
Ordinal0 [0x0063C0C3+3326147]
Ordinal0 [0x00520851+2164817]
Ordinal0 [0x003A7140+618816]
Ordinal0 [0x0039D404+578564]
Ordinal0 [0x0039DACB+580299]
Ordinal0 [0x0039ED35+585013]
Ordinal0 [0x00399D61+564577]
Ordinal0 [0x003A82C0+623296]
Ordinal0 [0x00346BDD+224221]
Ordinal0 [0x00345CAC+220332]
Ordinal0 [0x0034189B+202907]
Ordinal0 [0x00323DF4+81396]
Ordinal0 [0x00324DEE+85486]
Ordinal0 [0x00324D79+85369]
Ordinal0 [0x005385DC+2262492]
GetHandleVerifier [0x007C2874+1487204]
GetHandleVerifier [0x007C23CD+1486013]
GetHandleVerifier [0x007CA368+1518680]
GetHandleVerifier [0x007C2F4E+1488958]
Ordinal0 [0x0052ED0D+2223373]
Ordinal0 [0x0053A12B+2269483]
Ordinal0 [0x0053A26F+2269807]
Ordinal0 [0x0054ECB8+2354360]
BaseThreadInitThunk [0x77046359+25]
RtlGetAppContainerNamedObjectPath [0x77827B74+228]
RtlGetAppContainerNamedObjectPath [0x77827B44+180]

at sun.reflect.NativeConstructorAccessorImpl.newInstance0(Native Method)
at sun.reflect.NativeConstructorAccessorImpl.newInstance(Unknown Source)
at sun.reflect.DelegatingConstructorAccessorImpl.newInstance(Unknown Source)
at java.lang.reflect.Constructor.newInstance(Unknown Source)
at org.openqa.selenium.remote.W3CHandshakeResponse.lambda$errorHandler$0(W3CHandshakeResponse.java:62)
at org.openqa.selenium.remote.HandshakeResponse.lambda$getResponseFunction$0(HandshakeResponse.java:30)
at org.openqa.selenium.remote.ProtocolHandshake.lambda$createSession$0(ProtocolHandshake.java:126)
at java.util.stream.ReferencePipeline$3$1.accept(Unknown Source)
at java.util.Spliterators$ArraySpliterator.tryAdvance(Unknown Source)
at java.util.stream.ReferencePipeline.forEachWithCancel(Unknown Source)
at java.util.stream.AbstractPipeline.copyIntoWithCancel(Unknown Source)
at java.util.stream.AbstractPipeline.copyInto(Unknown Source)
at java.util.stream.AbstractPipeline.wrapAndCopyInto(Unknown Source)
at java.util.stream.FindOps$FindOp.evaluateSequential(Unknown Source)
at java.util.stream.AbstractPipeline.evaluate(Unknown Source)
at java.util.stream.ReferencePipeline.findFirst(Unknown Source)
at org.openqa.selenium.remote.ProtocolHandshake.createSession(ProtocolHandshake.java:128)
at org.openqa.selenium.remote.ProtocolHandshake.createSession(ProtocolHandshake.java:74)
at org.openqa.selenium.remote.HttpCommandExecutor.execute(HttpCommandExecutor.java:136)
at org.openqa.selenium.remote.service.DriverCommandExecutor.execute(DriverCommandExecutor.java:83)
at org.openqa.selenium.remote.RemoteWebDriver.execute(RemoteWebDriver.java:552)
at org.openqa.selenium.remote.RemoteWebDriver.startSession(RemoteWebDriver.java:213)
at org.openqa.selenium.remote.RemoteWebDriver.<init>(RemoteWebDriver.java:131)
at org.openqa.selenium.chrome.ChromeDriver.<init>(ChromeDriver.java:181)
at org.openqa.selenium.chrome.ChromeDriver.<init>(ChromeDriver.java:168)
at org.openqa.selenium.chrome.ChromeDriver.<init>(ChromeDriver.java:123)
at SampleTestNg.parellelTesting.openBing(parellelTesting.java:19)
at sun.reflect.NativeMethodAccessorImpl.invoke0(Native Method)
at sun.reflect.NativeMethodAccessorImpl.invoke(Unknown Source)
at sun.reflect.DelegatingMethodAccessorImpl.invoke(Unknown Source)
at java.lang.reflect.Method.invoke(Unknown Source)
at org.testng.internal.MethodInvocationHelper.invokeMethod(MethodInvocationHelper.java:124)
at org.testng.internal.Invoker.invokeMethod(Invoker.java:583)
at org.testng.internal.Invoker.invokeTestMethod(Invoker.java:719)
at org.testng.internal.Invoker.invokeTestMethods(Invoker.java:989)
at org.testng.internal.TestMethodWorker.invokeTestMethods(TestMethodWorker.java:125)
at org.testng.internal.TestMethodWorker.run(TestMethodWorker.java:109)
at java.util.concurrent.ThreadPoolExecutor.runWorker(Unknown Source)
at java.util.concurrent.ThreadPoolExecutor$Worker.run(Unknown Source)
at java.lang.Thread.run(Unknown Source)
]]>
    </error>
  </testcase> <!-- openBing -->
</testsuite> <!-- SampleTestNg.parellelTesting -->
